<?xml version="1.0" encoding="UTF-8"?>
<!-- Generated by org.testng.reporters.JUnitReportReporter -->
<testsuite hostname="scopian" failures="0" tests="20" name="testnextsp.AddProductTest" time="34.622" errors="1" timestamp="16 thg 3 2024 10:21:18 GMT" skipped="19">
  <testcase classname="testnextsp.AddProductTest" name="TC_12_oldPriceFieldMaxLengthCheck" time="0.000">
    <skipped/>
  </testcase> <!-- TC_12_oldPriceFieldMaxLengthCheck -->
  <testcase classname="testnextsp.AddProductTest" name="TC_9_descriptionFieldSymbolCheck" time="0.000">
    <skipped/>
  </testcase> <!-- TC_9_descriptionFieldSymbolCheck -->
  <testcase classname="testnextsp.AddProductTest" name="TC_14_checkminlength" time="0.000">
    <skipped/>
  </testcase> <!-- TC_14_checkminlength -->
  <testcase classname="testnextsp.AddProductTest" name="TC_04_EmptyField" time="0.000">
    <skipped/>
  </testcase> <!-- TC_04_EmptyField -->
  <testcase classname="testnextsp.AddProductTest" name="TC_08_oldPriceFieldSymbolCheck" time="0.000">
    <skipped/>
  </testcase> <!-- TC_08_oldPriceFieldSymbolCheck -->
  <testcase classname="testnextsp.AddProductTest" name="TC_06_productNameFieldSymbolCheck" time="0.000">
    <skipped/>
  </testcase> <!-- TC_06_productNameFieldSymbolCheck -->
  <testcase classname="testnextsp.AddProductTest" name="TC_03_CheckProduct" time="0.000">
    <skipped/>
  </testcase> <!-- TC_03_CheckProduct -->
  <testcase classname="testnextsp.AddProductTest" name="TC_17_priceFieldMinValueCheck" time="0.000">
    <skipped/>
  </testcase> <!-- TC_17_priceFieldMinValueCheck -->
  <testcase classname="testnextsp.AddProductTest" name="beforeMethod" time="34.622">
    <error message="no such element: Unable to locate element: {&quot;method&quot;:&quot;xpath&quot;,&quot;selector&quot;:&quot;//*[@id=&quot;root&quot;]/div/aside/div/ul/li[5]/div&quot;}
  (Session info: chrome=122.0.6261.129)
For documentation on this error, please visit: http://seleniumhq.org/exceptions/no_such_element.html
Build info: version: &#039;3.5.3&#039;, revision: &#039;a88d25fe6b&#039;, time: &#039;2017-08-29T12:54:15.039Z&#039;
System info: host: &#039;SCOPIAN&#039;, ip: &#039;192.168.0.103&#039;, os.name: &#039;Windows 11&#039;, os.arch: &#039;amd64&#039;, os.version: &#039;10.0&#039;, java.version: &#039;20.0.1&#039;
Driver info: org.openqa.selenium.chrome.ChromeDriver
Capabilities [{networkConnectionEnabled=false, chrome={chromedriverVersion=122.0.6261.57 (87957e464700ccf3468df47ce741e0dc089e0544-refs/branch-heads/6261@{#853}), userDataDir=C:\Users\xuann\AppData\Local\Temp\scoped_dir10752_36025418}, timeouts={implicit=0, pageLoad=300000, script=30000}, pageLoadStrategy=normal, unhandledPromptBehavior=dismiss and notify, strictFileInteractability=false, platform=XP, proxy=Proxy(), webauthn:extension:minPinLength=true, goog:chromeOptions={debuggerAddress=localhost:65084}, webauthn:extension:credBlob=true, webauthn:extension:prf=true, acceptInsecureCerts=false, browserVersion=122.0.6261.129, fedcm:accounts=true, browserName=chrome, javascriptEnabled=true, platformName=XP, setWindowRect=true, webauthn:extension:largeBlob=true, webauthn:virtualAuthenticators=true}]
Session ID: 5198610a9726d57199e7df2869ff2abf
*** Element info: {Using=xpath, value=//*[@id=&quot;root&quot;]/div/aside/div/ul/li[5]/div}" type="org.openqa.selenium.NoSuchElementException">
      <![CDATA[org.openqa.selenium.NoSuchElementException: no such element: Unable to locate element: {"method":"xpath","selector":"//*[@id="root"]/div/aside/div/ul/li[5]/div"}
  (Session info: chrome=122.0.6261.129)
For documentation on this error, please visit: http://seleniumhq.org/exceptions/no_such_element.html
Build info: version: '3.5.3', revision: 'a88d25fe6b', time: '2017-08-29T12:54:15.039Z'
System info: host: 'SCOPIAN', ip: '192.168.0.103', os.name: 'Windows 11', os.arch: 'amd64', os.version: '10.0', java.version: '20.0.1'
Driver info: org.openqa.selenium.chrome.ChromeDriver
Capabilities [{networkConnectionEnabled=false, chrome={chromedriverVersion=122.0.6261.57 (87957e464700ccf3468df47ce741e0dc089e0544-refs/branch-heads/6261@{#853}), userDataDir=C:\Users\xuann\AppData\Local\Temp\scoped_dir10752_36025418}, timeouts={implicit=0, pageLoad=300000, script=30000}, pageLoadStrategy=normal, unhandledPromptBehavior=dismiss and notify, strictFileInteractability=false, platform=XP, proxy=Proxy(), webauthn:extension:minPinLength=true, goog:chromeOptions={debuggerAddress=localhost:65084}, webauthn:extension:credBlob=true, webauthn:extension:prf=true, acceptInsecureCerts=false, browserVersion=122.0.6261.129, fedcm:accounts=true, browserName=chrome, javascriptEnabled=true, platformName=XP, setWindowRect=true, webauthn:extension:largeBlob=true, webauthn:virtualAuthenticators=true}]
Session ID: 5198610a9726d57199e7df2869ff2abf
*** Element info: {Using=xpath, value=//*[@id="root"]/div/aside/div/ul/li[5]/div}
at java.base/jdk.internal.reflect.DirectConstructorHandleAccessor.newInstance(DirectConstructorHandleAccessor.java:67)
at java.base/java.lang.reflect.Constructor.newInstanceWithCaller(Constructor.java:500)
at java.base/java.lang.reflect.Constructor.newInstance(Constructor.java:484)
at org.openqa.selenium.remote.http.W3CHttpResponseCodec.createException(W3CHttpResponseCodec.java:185)
at org.openqa.selenium.remote.http.W3CHttpResponseCodec.decode(W3CHttpResponseCodec.java:120)
at org.openqa.selenium.remote.http.W3CHttpResponseCodec.decode(W3CHttpResponseCodec.java:49)
at org.openqa.selenium.remote.HttpCommandExecutor.execute(HttpCommandExecutor.java:164)
at org.openqa.selenium.remote.service.DriverCommandExecutor.execute(DriverCommandExecutor.java:82)
at org.openqa.selenium.remote.RemoteWebDriver.execute(RemoteWebDriver.java:646)
at org.openqa.selenium.remote.RemoteWebDriver.findElement(RemoteWebDriver.java:416)
at org.openqa.selenium.remote.RemoteWebDriver.findElementByXPath(RemoteWebDriver.java:518)
at org.openqa.selenium.By$ByXPath.findElement(By.java:361)
at org.openqa.selenium.remote.RemoteWebDriver.findElement(RemoteWebDriver.java:408)
at testnextsp.AddProductTest.navigateToProductPage(AddProductTest.java:280)
at testnextsp.AddProductTest.beforeMethod(AddProductTest.java:38)
at java.base/jdk.internal.reflect.DirectMethodHandleAccessor.invoke(DirectMethodHandleAccessor.java:104)
at java.base/java.lang.reflect.Method.invoke(Method.java:578)
at org.testng.internal.MethodInvocationHelper.invokeMethod(MethodInvocationHelper.java:124)
at org.testng.internal.MethodInvocationHelper.invokeMethodConsideringTimeout(MethodInvocationHelper.java:59)
at org.testng.internal.Invoker.invokeConfigurationMethod(Invoker.java:458)
at org.testng.internal.Invoker.invokeConfigurations(Invoker.java:222)
at org.testng.internal.Invoker.invokeMethod(Invoker.java:523)
at org.testng.internal.Invoker.invokeTestMethod(Invoker.java:719)
at org.testng.internal.Invoker.invokeTestMethods(Invoker.java:989)
at org.testng.internal.TestMethodWorker.invokeTestMethods(TestMethodWorker.java:125)
at org.testng.internal.TestMethodWorker.run(TestMethodWorker.java:109)
at org.testng.TestRunner.privateRun(TestRunner.java:648)
at org.testng.TestRunner.run(TestRunner.java:505)
at org.testng.SuiteRunner.runTest(SuiteRunner.java:455)
at org.testng.SuiteRunner.runSequentially(SuiteRunner.java:450)
at org.testng.SuiteRunner.privateRun(SuiteRunner.java:415)
at org.testng.SuiteRunner.run(SuiteRunner.java:364)
at org.testng.SuiteRunnerWorker.runSuite(SuiteRunnerWorker.java:52)
at org.testng.SuiteRunnerWorker.run(SuiteRunnerWorker.java:84)
at org.testng.TestNG.runSuitesSequentially(TestNG.java:1208)
at org.testng.TestNG.runSuitesLocally(TestNG.java:1137)
at org.testng.TestNG.runSuites(TestNG.java:1049)
at org.testng.TestNG.run(TestNG.java:1017)
at org.testng.remote.AbstractRemoteTestNG.run(AbstractRemoteTestNG.java:115)
at org.testng.remote.RemoteTestNG.initAndRun(RemoteTestNG.java:251)
at org.testng.remote.RemoteTestNG.main(RemoteTestNG.java:77)
]]>
    </error>
  </testcase> <!-- beforeMethod -->
  <testcase classname="testnextsp.AddProductTest" name="TC_01_openform" time="0.000">
    <skipped/>
  </testcase> <!-- TC_01_openform -->
  <testcase classname="testnextsp.AddProductTest" name="TC_05_CheckDropdown" time="0.000">
    <skipped/>
  </testcase> <!-- TC_05_CheckDropdown -->
  <testcase classname="testnextsp.AddProductTest" name="TC_11_priceFieldMaxLengthCheck" time="0.000">
    <skipped/>
  </testcase> <!-- TC_11_priceFieldMaxLengthCheck -->
  <testcase classname="testnextsp.AddProductTest" name="TC_07_priceFieldSymbolCheck" time="0.000">
    <skipped/>
  </testcase> <!-- TC_07_priceFieldSymbolCheck -->
  <testcase classname="testnextsp.AddProductTest" name="TC_16_descriptionFieldMinLengthCheck" time="0.000">
    <skipped/>
  </testcase> <!-- TC_16_descriptionFieldMinLengthCheck -->
  <testcase classname="testnextsp.AddProductTest" name="TC_21_descriptionFieldMinValueCheck" time="0.000">
    <skipped/>
  </testcase> <!-- TC_21_descriptionFieldMinValueCheck -->
  <testcase classname="testnextsp.AddProductTest" name="TC_15_oldPriceFieldMinLengthCheck" time="0.000">
    <skipped/>
  </testcase> <!-- TC_15_oldPriceFieldMinLengthCheck -->
  <testcase classname="testnextsp.AddProductTest" name="TC_13_descriptionFieldMaxLengthCheck" time="0.000">
    <skipped/>
  </testcase> <!-- TC_13_descriptionFieldMaxLengthCheck -->
  <testcase classname="testnextsp.AddProductTest" name="TC_18_oldPriceFieldMinValueCheck" time="0.000">
    <skipped/>
  </testcase> <!-- TC_18_oldPriceFieldMinValueCheck -->
  <testcase classname="testnextsp.AddProductTest" name="TC_10_productNameFieldMaxLengthCheck" time="0.000">
    <skipped/>
  </testcase> <!-- TC_10_productNameFieldMaxLengthCheck -->
  <testcase classname="testnextsp.AddProductTest" name="TC_02_AddProduct" time="0.000">
    <skipped/>
  </testcase> <!-- TC_02_AddProduct -->
</testsuite> <!-- testnextsp.AddProductTest -->
