<?xml version="1.0" encoding="UTF-8"?>
<!-- Generated by org.testng.reporters.JUnitReportReporter -->
<testsuite hostname="scopian" failures="0" tests="3" name="democode.BaiTap1" time="1.202" errors="1" timestamp="22 thg 2 2024 04:04:41 GMT" skipped="2">
  <testcase classname="democode.BaiTap1" name="beforeClass" time="1.202">
    <error message="session not created: This version of ChromeDriver only supports Chrome version 120
Current browser version is 122.0.6261.58 with binary path C:\Program Files\Google\Chrome\Application\chrome.exe
Build info: version: &#039;3.5.3&#039;, revision: &#039;a88d25fe6b&#039;, time: &#039;2017-08-29T12:54:15.039Z&#039;
System info: host: &#039;SCOPIAN&#039;, ip: &#039;10.9.90.79&#039;, os.name: &#039;Windows 11&#039;, os.arch: &#039;amd64&#039;, os.version: &#039;10.0&#039;, java.version: &#039;20.0.1&#039;
Driver info: driver.version: ChromeDriver
remote stacktrace: 	GetHandleVerifier [0x00007FF695142142+3514994]
	(No symbol) [0x00007FF694D60CE2]
	(No symbol) [0x00007FF694C076AA]
	(No symbol) [0x00007FF694C417E2]
	(No symbol) [0x00007FF694C40ADD]
	(No symbol) [0x00007FF694C3B9DF]
	(No symbol) [0x00007FF694C37F52]
	(No symbol) [0x00007FF694C80AB4]
	(No symbol) [0x00007FF694C75D93]
	(No symbol) [0x00007FF694C44BDC]
	(No symbol) [0x00007FF694C45C64]
	GetHandleVerifier [0x00007FF69516E16B+3695259]
	GetHandleVerifier [0x00007FF6951C6737+4057191]
	GetHandleVerifier [0x00007FF6951BE4E3+4023827]
	GetHandleVerifier [0x00007FF694E904F9+689705]
	(No symbol) [0x00007FF694D6C048]
	(No symbol) [0x00007FF694D68044]
	(No symbol) [0x00007FF694D681C9]
	(No symbol) [0x00007FF694D588C4]
	BaseThreadInitThunk [0x00007FF9AEB9257D+29]
	RtlUserThreadStart [0x00007FF9B05EAA58+40]
" type="org.openqa.selenium.SessionNotCreatedException">
      <![CDATA[org.openqa.selenium.SessionNotCreatedException: session not created: This version of ChromeDriver only supports Chrome version 120
Current browser version is 122.0.6261.58 with binary path C:\Program Files\Google\Chrome\Application\chrome.exe
Build info: version: '3.5.3', revision: 'a88d25fe6b', time: '2017-08-29T12:54:15.039Z'
System info: host: 'SCOPIAN', ip: '10.9.90.79', os.name: 'Windows 11', os.arch: 'amd64', os.version: '10.0', java.version: '20.0.1'
Driver info: driver.version: ChromeDriver
remote stacktrace: GetHandleVerifier [0x00007FF695142142+3514994]
(No symbol) [0x00007FF694D60CE2]
(No symbol) [0x00007FF694C076AA]
(No symbol) [0x00007FF694C417E2]
(No symbol) [0x00007FF694C40ADD]
(No symbol) [0x00007FF694C3B9DF]
(No symbol) [0x00007FF694C37F52]
(No symbol) [0x00007FF694C80AB4]
(No symbol) [0x00007FF694C75D93]
(No symbol) [0x00007FF694C44BDC]
(No symbol) [0x00007FF694C45C64]
GetHandleVerifier [0x00007FF69516E16B+3695259]
GetHandleVerifier [0x00007FF6951C6737+4057191]
GetHandleVerifier [0x00007FF6951BE4E3+4023827]
GetHandleVerifier [0x00007FF694E904F9+689705]
(No symbol) [0x00007FF694D6C048]
(No symbol) [0x00007FF694D68044]
(No symbol) [0x00007FF694D681C9]
(No symbol) [0x00007FF694D588C4]
BaseThreadInitThunk [0x00007FF9AEB9257D+29]
RtlUserThreadStart [0x00007FF9B05EAA58+40]

at java.base/jdk.internal.reflect.DirectConstructorHandleAccessor.newInstance(DirectConstructorHandleAccessor.java:67)
at java.base/java.lang.reflect.Constructor.newInstanceWithCaller(Constructor.java:500)
at java.base/java.lang.reflect.Constructor.newInstance(Constructor.java:484)
at org.openqa.selenium.remote.W3CHandshakeResponse.lambda$new$0(W3CHandshakeResponse.java:57)
at org.openqa.selenium.remote.W3CHandshakeResponse.lambda$getResponseFunction$2(W3CHandshakeResponse.java:104)
at org.openqa.selenium.remote.ProtocolHandshake.lambda$createSession$24(ProtocolHandshake.java:359)
at java.base/java.util.stream.ReferencePipeline$3$1.accept(ReferencePipeline.java:197)
at java.base/java.util.Spliterators$ArraySpliterator.tryAdvance(Spliterators.java:1016)
at java.base/java.util.stream.ReferencePipeline.forEachWithCancel(ReferencePipeline.java:129)
at java.base/java.util.stream.AbstractPipeline.copyIntoWithCancel(AbstractPipeline.java:527)
at java.base/java.util.stream.AbstractPipeline.copyInto(AbstractPipeline.java:513)
at java.base/java.util.stream.AbstractPipeline.wrapAndCopyInto(AbstractPipeline.java:499)
at java.base/java.util.stream.FindOps$FindOp.evaluateSequential(FindOps.java:150)
at java.base/java.util.stream.AbstractPipeline.evaluate(AbstractPipeline.java:234)
at java.base/java.util.stream.ReferencePipeline.findFirst(ReferencePipeline.java:647)
at org.openqa.selenium.remote.ProtocolHandshake.createSession(ProtocolHandshake.java:362)
at org.openqa.selenium.remote.ProtocolHandshake.createSession(ProtocolHandshake.java:136)
at org.openqa.selenium.remote.HttpCommandExecutor.execute(HttpCommandExecutor.java:142)
at org.openqa.selenium.remote.service.DriverCommandExecutor.execute(DriverCommandExecutor.java:82)
at org.openqa.selenium.remote.RemoteWebDriver.execute(RemoteWebDriver.java:646)
at org.openqa.selenium.remote.RemoteWebDriver.startSession(RemoteWebDriver.java:255)
at org.openqa.selenium.remote.RemoteWebDriver.startSession(RemoteWebDriver.java:237)
at org.openqa.selenium.remote.RemoteWebDriver.<init>(RemoteWebDriver.java:138)
at org.openqa.selenium.chrome.ChromeDriver.<init>(ChromeDriver.java:178)
at org.openqa.selenium.chrome.ChromeDriver.<init>(ChromeDriver.java:167)
at org.openqa.selenium.chrome.ChromeDriver.<init>(ChromeDriver.java:124)
at democode.BaiTap1.beforeClass(BaiTap1.java:25)
at java.base/jdk.internal.reflect.DirectMethodHandleAccessor.invoke(DirectMethodHandleAccessor.java:104)
at java.base/java.lang.reflect.Method.invoke(Method.java:578)
at org.testng.internal.MethodInvocationHelper.invokeMethod(MethodInvocationHelper.java:124)
at org.testng.internal.MethodInvocationHelper.invokeMethodConsideringTimeout(MethodInvocationHelper.java:59)
at org.testng.internal.Invoker.invokeConfigurationMethod(Invoker.java:458)
at org.testng.internal.Invoker.invokeConfigurations(Invoker.java:222)
at org.testng.internal.Invoker.invokeConfigurations(Invoker.java:142)
at org.testng.internal.TestMethodWorker.invokeBeforeClassMethods(TestMethodWorker.java:168)
at org.testng.internal.TestMethodWorker.run(TestMethodWorker.java:105)
at org.testng.TestRunner.privateRun(TestRunner.java:648)
at org.testng.TestRunner.run(TestRunner.java:505)
at org.testng.SuiteRunner.runTest(SuiteRunner.java:455)
at org.testng.SuiteRunner.runSequentially(SuiteRunner.java:450)
at org.testng.SuiteRunner.privateRun(SuiteRunner.java:415)
at org.testng.SuiteRunner.run(SuiteRunner.java:364)
at org.testng.SuiteRunnerWorker.runSuite(SuiteRunnerWorker.java:52)
at org.testng.SuiteRunnerWorker.run(SuiteRunnerWorker.java:84)
at org.testng.TestNG.runSuitesSequentially(TestNG.java:1208)
at org.testng.TestNG.runSuitesLocally(TestNG.java:1137)
at org.testng.TestNG.runSuites(TestNG.java:1049)
at org.testng.TestNG.run(TestNG.java:1017)
at org.testng.remote.AbstractRemoteTestNG.run(AbstractRemoteTestNG.java:115)
at org.testng.remote.RemoteTestNG.initAndRun(RemoteTestNG.java:251)
at org.testng.remote.RemoteTestNG.main(RemoteTestNG.java:77)
]]>
    </error>
  </testcase> <!-- beforeClass -->
  <testcase classname="democode.BaiTap1" name="TC_01_Url" time="0.000">
    <skipped/>
  </testcase> <!-- TC_01_Url -->
  <testcase classname="democode.BaiTap1" name="TC_02_Title" time="0.000">
    <skipped/>
  </testcase> <!-- TC_02_Title -->
</testsuite> <!-- democode.BaiTap1 -->
